<?xml version="1.0" encoding="utf-8"?><testsuites><testsuite errors="0" failures="0" hostname="JP5002114001" name="pytest" skipped="0" tests="2" time="0.141" timestamp="2020-04-30T16:29:38.776734"><testcase classname="test_calculations.CalculationsTest" file="test_calculations.py" line="11" name="test_divide_contain_zero" time="0.001"></testcase><testcase classname="test_calculations.CalculationsTest" file="test_calculations.py" line="8" name="test_divide_normal" time="0.001"></testcase></testsuite></testsuites>